
xv6 kernel is booting

hart 1 starting
hart 2 starting
init: starting sh
$ strace mkdir 3FvfzPpf
[pid 4] exec("mkdir") = 2
[pid 4] mkdir("3FvfzPpf") = 0
$ strace echo > 3FvfzPpf/5QVosZD9
[pid 6] open("user_output.txt") = 3
[pid 6] close(1) = 0
[pid 6] dup(3) = 1
[pid 6] close(3) = 0
[pid 6] getpid(0) = 6
[pid 6] exec("echo") = 1
$ strace mkdir 3FvfzPpf/9GvKtxzk
[pid 8] open("user_output.txt") = 3
[pid 8] close(1) = 0
[pid 8] dup(3) = 1
[pid 8] close(3) = 0
[pid 8] getpid(0) = 8
[pid 8] exec("mkdir") = 2
[pid 8] mkdir("3FvfzPpf/9GvKtxzk") = 0
$ strace echo > 3FvfzPpf/9GvKtxzk/5QVosZD9
[pid 10] open("user_output.txt") = 3
[pid 10] close(1) = 0
[pid 10] dup(3) = 1
[pid 10] close(3) = 0
[pid 10] getpid(0) = 10
[pid 10] exec("echo") = 1
$ qemu-system-riscv64: terminating on signal 15 from pid 78721 (make)
